d:\source\repos\base-ui-system_1\uielemen.13ebb61a\x64\release\vc143.pdb
d:\source\repos\base-ui-system_1\uielemen.13ebb61a\x64\release\textobject.obj
d:\source\repos\base-ui-system_1\uielemen.13ebb61a\x64\release\main.obj
d:\source\repos\base-ui-system_1\uielemen.13ebb61a\x64\release\shape.obj
d:\source\repos\base-ui-system_1\uielemen.13ebb61a\x64\release\textrenderer.obj
d:\source\repos\base-ui-system_1\uielemen.13ebb61a\x64\release\textbox.obj
d:\source\repos\base-ui-system_1\uielemen.13ebb61a\x64\release\character.obj
d:\source\repos\base-ui-system_1\uielemen.13ebb61a\x64\release\shader.obj
d:\source\repos\base-ui-system_1\uielemen.13ebb61a\x64\release\fieldview.obj
d:\source\repos\base-ui-system_1\x64\release\uielementshierarchy.exe
d:\source\repos\base-ui-system_1\x64\release\uielementshierarchy.pdb
d:\source\repos\base-ui-system_1\uielemen.13ebb61a\x64\release\uielementshierarchy.ipdb
d:\source\repos\base-ui-system_1\uielemen.13ebb61a\x64\release\uielementshierarchy.iobj
d:\source\repos\base-ui-system_1\uielemen.13ebb61a\x64\release\uielemen.13ebb61a.tlog\cl.command.1.tlog
d:\source\repos\base-ui-system_1\uielemen.13ebb61a\x64\release\uielemen.13ebb61a.tlog\cl.items.tlog
d:\source\repos\base-ui-system_1\uielemen.13ebb61a\x64\release\uielemen.13ebb61a.tlog\cl.read.1.tlog
d:\source\repos\base-ui-system_1\uielemen.13ebb61a\x64\release\uielemen.13ebb61a.tlog\cl.write.1.tlog
d:\source\repos\base-ui-system_1\uielemen.13ebb61a\x64\release\uielemen.13ebb61a.tlog\link.command.1.tlog
d:\source\repos\base-ui-system_1\uielemen.13ebb61a\x64\release\uielemen.13ebb61a.tlog\link.read.1.tlog
d:\source\repos\base-ui-system_1\uielemen.13ebb61a\x64\release\uielemen.13ebb61a.tlog\link.secondary.1.tlog
d:\source\repos\base-ui-system_1\uielemen.13ebb61a\x64\release\uielemen.13ebb61a.tlog\link.write.1.tlog
